<?xml version="1.0" encoding="UTF-8"?>
<testsuite xmlns:xsi="http://www.w3.org/2001/XMLSchema-instance" xsi:noNamespaceSchemaLocation="https://maven.apache.org/surefire/maven-surefire-plugin/xsd/surefire-test-report-3.0.xsd" version="3.0" name="com.vindhya.SpringBootMavenApplicationTests" time="2.512" tests="1" errors="0" skipped="0" failures="0">
  <properties>
[...]
</properties>
  <testcase name="contextLoads" classname="com.vindhya.SpringBootMavenApplicationTests" time="0.783">
    <system-out><![CDATA[14:22:17.567 [main] INFO org.springframework.test.context.support.AnnotationConfigContextLoaderUtils -- Could not detect default configuration classes for test class [com.vindhya.SpringBootMavenApplicationTests]: SpringBootMavenApplicationTests does not declare any static, non-private, non-final, nested classes annotated with @Configuration.
14:22:17.673 [main] INFO org.springframework.boot.test.context.SpringBootTestContextBootstrapper -- Found @SpringBootConfiguration com.vindhya.SpringBootMavenApplication for test class com.vindhya.SpringBootMavenApplicationTests

  .   ____          _            __ _ _
 /\\ / ___'_ __ _ _(_)_ __  __ _ \ \ \ \
( ( )\___ | '_ | '_| | '_ \/ _` | \ \ \ \
 \\/  ___)| |_)| | | | | || (_| |  ) ) ) )
  '  |____| .__|_| |_|_| |_\__, | / / / /
 =========|_|==============|___/=/_/_/_/
 :: Spring Boot ::                (v3.1.3)

2023-09-17T14:22:18.040+05:30  INFO 17060 --- [           main] c.v.SpringBootMavenApplicationTests      : Starting SpringBootMavenApplicationTests using Java 17.0.4.1 with PID 17060 (started by vindh in C:\Software\javaworkspace\SpringBootMaven)
2023-09-17T14:22:18.043+05:30  INFO 17060 --- [           main] c.v.SpringBootMavenApplicationTests      : No active profile set, falling back to 1 default profile: "default"
2023-09-17T14:22:19.129+05:30  INFO 17060 --- [           main] c.v.SpringBootMavenApplicationTests      : Started SpringBootMavenApplicationTests in 1.329 seconds (process running for 2.111)
]]></system-out>
  </testcase>
</testsuite>